2023-11-11 19:19:44,006 - __main__ - ERROR - File not found: [Errno 2] No such file or directory: 'Anscombe_quartet_data1.csv'
2023-11-11 19:30:11,665 - __main__ - ERROR - File not found: [Errno 2] No such file or directory: 'Anscombe_quartet_data1.csv'
2023-11-11 21:05:27,659 - __main__ - ERROR - File not found: [Errno 2] No such file or directory: 'Anscombe_quartet_data1.csv'
2023-11-11 21:06:19,330 - __main__ - ERROR - File not found: [Errno 2] No such file or directory: 'Anscombe_quartet_data1.csv'
2023-11-11 21:07:52,234 - __main__ - ERROR - File not found: [Errno 2] No such file or directory: 'Anscombe_quartet_data1.csv'
2023-11-11 21:09:04,990 - __main__ - ERROR - File not found: [Errno 2] No such file or directory: 'Anscombe_quartet_data1.csv'
2023-11-11 21:11:55,576 - __main__ - ERROR - File not found: [Errno 2] No such file or directory: 'Anscombe_quartet_data1.csv'
2023-11-12 20:59:47,850 - __main__ - ERROR - File not found: [Errno 2] No such file or directory: 'output_folder/Series_1.ndjson'
2023-11-12 21:03:02,382 - __main__ - ERROR - File not found: [Errno 2] No such file or directory: 'output_folder/Series_1.ndjson'
2023-11-12 21:03:57,479 - __main__ - ERROR - File not found: [Errno 2] No such file or directory: 'output_folder/Series_1.ndjson'
2023-11-12 21:06:19,765 - __main__ - ERROR - File not found: [Errno 2] No such file or directory: 'output_folder/Series_1.ndjson'
2023-11-12 21:07:18,975 - __main__ - ERROR - File not found: [Errno 2] No such file or directory: 'output_folder/Series_1.ndjson'
2023-11-12 21:19:05,333 - __main__ - ERROR - File not found: [Errno 2] No such file or directory: 'output_folder/Series_1.ndjson'
2023-11-12 21:20:14,193 - __main__ - ERROR - File not found: [Errno 2] No such file or directory: 'output_folder/Series_1.ndjson'
2023-11-12 21:21:08,635 - __main__ - ERROR - File not found: [Errno 2] No such file or directory: 'output_folder/Series_1.ndjson'
2023-11-12 21:24:47,027 - __main__ - ERROR - File not found: [Errno 2] No such file or directory: 'output_folder/Series_1.ndjson'
2023-11-12 21:26:12,886 - __main__ - ERROR - File not found: [Errno 2] No such file or directory: 'output_folder/Series_1.ndjson'
2023-11-12 21:27:44,074 - __main__ - ERROR - File not found: [Errno 2] No such file or directory: 'output_folder/Series_1.ndjson'
2023-11-12 21:32:44,597 - __main__ - ERROR - File not found: [Errno 2] No such file or directory: 'output_folder/Series_1.ndjson'
2023-11-12 21:33:38,344 - __main__ - ERROR - File not found: [Errno 2] No such file or directory: 'Anscombe_quartet_data1.csv'
2023-11-12 21:40:48,117 - __main__ - ERROR - File not found: Anscombe_quartet_data1.csv
2023-11-12 21:42:20,419 - __main__ - ERROR - File not found: co2-mm-mlo_csv.csv
2023-11-12 21:44:39,695 - __main__ - ERROR - File not found: Anscombe_quartet_data1.csv
2023-11-12 21:44:40,814 - __main__ - ERROR - File not found: co2-mm-mlo_csv.csv
2023-11-12 21:48:20,944 - __main__ - ERROR - File not found: Anscombe_quartet_data1.csv
2023-11-12 21:48:22,082 - __main__ - ERROR - File not found: co2-mm-mlo_csv.csv
2023-11-12 22:32:02,717 - __main__ - ERROR - File not found: Anscombe_quartet_data1.csv
2023-11-12 22:32:04,020 - __main__ - ERROR - File not found: co2-mm-mlo_csv.csv
2023-11-12 23:08:46,944 - __main__ - ERROR - File not found: Anscombe_quartet_data1.csv
2023-11-12 23:08:47,879 - __main__ - ERROR - File not found: co2-mm-mlo_csv.csv
2023-11-22 15:15:35,725 - __main__ - ERROR - No input file provided.
2023-11-22 15:19:50,580 - __main__ - ERROR - File not found: Anscombe_quartet_data1.csv
2023-11-22 15:19:51,535 - __main__ - ERROR - File not found: co2-mm-mlo_csv.csv
2023-11-22 15:32:04,686 - __main__ - ERROR - File not found: co2-mm-mlo_csv.csv
2023-11-22 15:34:23,307 - __main__ - ERROR - File not found: co2-mm-mlo_csv.csv
2023-11-22 15:34:58,804 - __main__ - ERROR - File not found: co2-mm-mlo_csv.csv
2023-11-22 15:38:13,634 - __main__ - ERROR - File not found: co2-mm-mlo_csv.csv
2023-11-22 15:38:21,141 - __main__ - ERROR - No input file provided.
2023-11-22 15:38:31,752 - __main__ - ERROR - File not found: co2-mm-mlo_csv.csv
2023-11-22 15:39:20,007 - __main__ - ERROR - No output directory provided.
2023-11-22 15:39:57,185 - __main__ - ERROR - No output directory provided.
2023-11-22 15:45:33,594 - __main__ - ERROR - No output directory provided.
2023-11-24 17:13:35,211 - __main__ - ERROR - File not found: Anscombe_quartet_data1.csv
2023-11-30 12:35:03,956 - __main__ - ERROR - File not found: Anscombe_quartet_data1.csv
2023-11-30 12:35:04,864 - __main__ - ERROR - File not found: co2-mm-mlo_csv.csv
2023-11-30 13:53:40,362 - __main__ - ERROR - Invalid combination of options. Please provide valid options.
2023-11-30 13:54:04,765 - __main__ - ERROR - No input file provided.
2023-11-30 13:54:13,619 - __main__ - ERROR - Invalid combination of options. Please provide valid options.
2023-11-30 13:54:38,028 - __main__ - ERROR - File not found: Download/Anscombe_quartet_data.csv
2023-11-30 17:23:17,256 - __main__ - ERROR - Options -o and -k cannot be used together.
2023-11-30 17:24:21,475 - __main__ - ERROR - File not found: carlmcbrideellis/data-anscombes-quartet
2023-11-30 17:29:53,978 - __main__ - ERROR - Invalid combination of options. Please provide valid options.
2023-11-30 17:32:59,869 - __main__ - ERROR - Invalid combination of options. Please provide valid options.
2023-11-30 17:36:32,052 - __main__ - ERROR - Invalid combination of options. Please provide valid options.
2023-11-30 23:59:46,833 - __main__ - ERROR - Invalid combination of options. Please provide valid options.
2023-12-01 00:02:04,802 - __main__ - ERROR - File not found: Ansocombe_quartet_data.csv
2023-12-05 14:16:55,464 - __main__ - ERROR - No input file provided.
2023-12-05 14:18:16,696 - __main__ - ERROR - Invalid combination of options. Please provide valid options.
2023-12-05 14:25:47,617 - __main__ - INFO - Logging configured successfully.
2023-12-05 14:25:47,644 - __main__ - INFO - Extracting data from Anscombe_quartet_data.csv...
2023-12-05 14:25:47,644 - __main__ - INFO - Data successfully extracted to quartet/Series_1.ndjson, quartet/Series_2.ndjson, and so on.
2023-12-05 14:25:47,647 - __main__ - INFO - Extraction completed!
2023-12-05 14:27:59,628 - __main__ - INFO - Logging configured successfully.
2023-12-05 14:27:59,634 - __main__ - ERROR - Invalid combination of options. Please provide valid options.
2023-12-05 14:31:28,393 - __main__ - INFO - Logging configured successfully.
2023-12-05 14:31:40,727 - __main__ - ERROR - An unexpected error occurred: HTTPSConnectionPool(host='www.kaggle.com', port=443): Max retries exceeded with url: /api/v1/datasets/download/carlmcbrideellis/data-anscombes-quartet (Caused by NewConnectionError('<urllib3.connection.HTTPSConnection object at 0x7f5b01d0f310>: Failed to establish a new connection: [Errno -3] Temporary failure in name resolution'))
2023-12-05 14:33:22,083 - __main__ - INFO - Logging configured successfully.
2023-12-05 14:33:22,089 - __main__ - ERROR - Invalid combination of options. Please provide valid options.
2023-12-05 14:34:21,968 - __main__ - INFO - Logging configured successfully.
2023-12-05 14:34:21,985 - __main__ - ERROR - An unexpected error occurred: HTTPSConnectionPool(host='www.kaggle.com', port=443): Max retries exceeded with url: /api/v1/datasets/download/carlmcbrideellis/data-anscombes-quartet (Caused by NewConnectionError('<urllib3.connection.HTTPSConnection object at 0x7fa9dd3d7310>: Failed to establish a new connection: [Errno -3] Temporary failure in name resolution'))
2023-12-05 14:35:02,567 - __main__ - INFO - Logging configured successfully.
2023-12-05 14:35:02,579 - __main__ - ERROR - Invalid combination of options. Please provide valid options.
2023-12-05 14:35:31,582 - __main__ - INFO - Logging configured successfully.
2023-12-05 14:35:31,598 - __main__ - ERROR - An unexpected error occurred: HTTPSConnectionPool(host='www.kaggle.com', port=443): Max retries exceeded with url: /api/v1/datasets/download/carlmcbrideellis/data-anscombes-quartet (Caused by NewConnectionError('<urllib3.connection.HTTPSConnection object at 0x7f0508f0b310>: Failed to establish a new connection: [Errno -3] Temporary failure in name resolution'))
2023-12-05 14:41:50,822 - __main__ - INFO - Logging configured successfully.
2023-12-05 14:42:02,853 - __main__ - INFO - ZIP archive downloaded and saved at: carlmcbrideellis_data-anscombes-quartet.zip
2023-12-05 14:47:12,659 - __main__ - INFO - Logging configured successfully.
2023-12-05 14:47:21,315 - __main__ - INFO - ZIP archive downloaded and saved at: carlmcbrideellis_data-anscombes-quartet.zip
2023-12-05 14:47:21,317 - __main__ - INFO - [XYPair(x='x123', y='y1'), XYPair(x='10.0', y='8.04'), XYPair(x='8.0', y='6.95'), XYPair(x='13.0', y='7.58'), XYPair(x='9.0', y='8.81'), XYPair(x='11.0', y='8.33'), XYPair(x='14.0', y='9.96'), XYPair(x='6.0', y='7.24'), XYPair(x='4.0', y='4.26'), XYPair(x='12.0', y='10.84'), XYPair(x='7.0', y='4.82'), XYPair(x='5.0', y='5.68')]
2023-12-05 15:01:00,253 - __main__ - INFO - Logging configured successfully.
2023-12-05 15:01:16,620 - __main__ - INFO - Logging configured successfully.
2023-12-05 15:01:16,627 - __main__ - ERROR - Invalid combination of options. Please provide valid options.
2023-12-05 15:02:03,031 - __main__ - INFO - Logging configured successfully.
2023-12-05 15:02:17,741 - __main__ - INFO - ZIP archive downloaded and saved at: carlmcbrideellis_data-anscombes-quartet.zip
2023-12-05 15:02:17,762 - __main__ - INFO - [XYPair(x='x123', y='y1'), XYPair(x='10.0', y='8.04'), XYPair(x='8.0', y='6.95'), XYPair(x='13.0', y='7.58'), XYPair(x='9.0', y='8.81'), XYPair(x='11.0', y='8.33'), XYPair(x='14.0', y='9.96'), XYPair(x='6.0', y='7.24'), XYPair(x='4.0', y='4.26'), XYPair(x='12.0', y='10.84'), XYPair(x='7.0', y='4.82'), XYPair(x='5.0', y='5.68')]
2023-12-05 15:16:00,226 - __main__ - INFO - Logging configured successfully.
2023-12-05 15:16:00,231 - __main__ - ERROR - An unexpected error occurred: _StoreTrueAction.__init__() got an unexpected keyword argument 'type'
2023-12-05 15:22:16,547 - __main__ - INFO - Logging configured successfully.
2023-12-05 15:22:24,008 - __main__ - INFO - ZIP archive downloaded and saved at: carlmcbrideellis_data-anscombes-quartet.zip
2023-12-05 15:22:24,010 - __main__ - INFO - [XYPair(x='x123', y='y1'), XYPair(x='10.0', y='8.04'), XYPair(x='8.0', y='6.95'), XYPair(x='13.0', y='7.58'), XYPair(x='9.0', y='8.81'), XYPair(x='11.0', y='8.33'), XYPair(x='14.0', y='9.96'), XYPair(x='6.0', y='7.24'), XYPair(x='4.0', y='4.26'), XYPair(x='12.0', y='10.84'), XYPair(x='7.0', y='4.82'), XYPair(x='5.0', y='5.68')]
2023-12-05 15:24:21,824 - __main__ - INFO - Logging configured successfully.
2023-12-05 15:24:21,843 - __main__ - ERROR - An unexpected error occurred: unsupported operand type(s) for |: 'bool' and 'dict'
2023-12-05 15:35:41,315 - __main__ - INFO - Logging configured successfully.
2023-12-05 15:35:42,207 - __main__ - ERROR - An unexpected error occurred: Request failed with status code 403
2023-12-05 15:36:06,448 - __main__ - INFO - Logging configured successfully.
2023-12-05 15:36:08,801 - __main__ - INFO - ZIP archive downloaded and saved at: carlmcbrideellis_data-anscombes-quartet.zip
2023-12-05 15:36:08,803 - __main__ - INFO - [XYPair(x='x123', y='y1'), XYPair(x='10.0', y='8.04'), XYPair(x='8.0', y='6.95'), XYPair(x='13.0', y='7.58'), XYPair(x='9.0', y='8.81'), XYPair(x='11.0', y='8.33'), XYPair(x='14.0', y='9.96'), XYPair(x='6.0', y='7.24'), XYPair(x='4.0', y='4.26'), XYPair(x='12.0', y='10.84'), XYPair(x='7.0', y='4.82'), XYPair(x='5.0', y='5.68')]
2023-12-05 15:42:54,104 - __main__ - INFO - Logging configured successfully.
2023-12-05 15:44:16,103 - __main__ - INFO - Logging configured successfully.
2023-12-06 09:12:10,503 - __main__ - INFO - Logging configured successfully.
2023-12-06 09:12:10,525 - __main__ - INFO - Extracting data from Anscombe_quartet_data.csv...
2023-12-06 09:12:10,525 - __main__ - INFO - Data successfully extracted to quartet/Series_1.ndjson, quartet/Series_2.ndjson, and so on.
2023-12-06 09:12:10,525 - __main__ - INFO - Extraction completed!
2023-12-08 11:15:55,225 - __main__ - INFO - Logging configured successfully.
2023-12-08 11:15:55,238 - __main__ - INFO - Extracting data from Anscombe_quartet_data.csv...
2023-12-08 11:15:55,238 - __main__ - INFO - Data successfully extracted to quartet/Series_1.ndjson, quartet/Series_2.ndjson, and so on.
2023-12-08 11:15:55,238 - __main__ - INFO - Extraction completed!
